{
"contracts/PetNft.sol":{"l":{"68":3,"69":3,"70":3,"71":3,"72":3,"73":3,"81":7,"82":1,"84":6,"91":6,"92":6,"105":2,"106":2,"107":2,"108":2,"109":2,"110":2,"111":2,"112":2,"120":3,"121":0,"123":3,"124":3,"132":1,"133":1,"134":1,"135":0,"148":11,"149":11,"150":24,"151":24,"152":24,"153":13,"155":24,"156":11,"159":0,"163":11,"167":1,"171":0,"175":3,"181":1,"185":1,"189":1,"193":1,"197":0,"201":1},"path":"/root/nft-smub-dev/contracts/PetNft.sol","s":{"1":3,"2":7,"3":6,"4":2,"5":2,"6":2,"7":2,"8":2,"9":2,"10":2,"11":3,"12":1,"13":1,"14":1,"15":11,"16":11,"17":24,"18":24,"19":24,"20":24,"21":11,"22":11,"23":1,"24":0,"25":3,"26":1,"27":1,"28":1,"29":1,"30":0,"31":1},"b":{"1":[1,6],"2":[0,3],"3":[1,1],"4":[0,1],"5":[13,11],"6":[11,13]},"f":{"1":3,"2":7,"3":2,"4":3,"5":1,"6":11,"7":11,"8":1,"9":0,"10":3,"11":1,"12":1,"13":1,"14":1,"15":0,"16":1},"fnMap":{"1":{"name":"constructor","line":67,"loc":{"start":{"line":60,"column":2},"end":{"line":74,"column":2}}},"2":{"name":"requestNft","line":80,"loc":{"start":{"line":80,"column":2},"end":{"line":93,"column":2}}},"3":{"name":"fulfillRandomWords","line":101,"loc":{"start":{"line":101,"column":2},"end":{"line":113,"column":2}}},"4":{"name":"_initialiseContract","line":119,"loc":{"start":{"line":119,"column":2},"end":{"line":125,"column":2}}},"5":{"name":"withdraw","line":131,"loc":{"start":{"line":131,"column":2},"end":{"line":137,"column":2}}},"6":{"name":"getNftName","line":147,"loc":{"start":{"line":147,"column":2},"end":{"line":160,"column":2}}},"7":{"name":"getChanceArray","line":162,"loc":{"start":{"line":162,"column":2},"end":{"line":164,"column":2}}},"8":{"name":"getMintFee","line":166,"loc":{"start":{"line":166,"column":2},"end":{"line":168,"column":2}}},"9":{"name":"getTokenUris","line":170,"loc":{"start":{"line":170,"column":2},"end":{"line":172,"column":2}}},"10":{"name":"getTokenCounter","line":174,"loc":{"start":{"line":174,"column":2},"end":{"line":176,"column":2}}},"11":{"name":"getSenderFromRequestId","line":178,"loc":{"start":{"line":178,"column":2},"end":{"line":182,"column":2}}},"12":{"name":"getVrfCoordinator","line":184,"loc":{"start":{"line":184,"column":2},"end":{"line":186,"column":2}}},"13":{"name":"getSubscriptionId","line":188,"loc":{"start":{"line":188,"column":2},"end":{"line":190,"column":2}}},"14":{"name":"getGasLane","line":192,"loc":{"start":{"line":192,"column":2},"end":{"line":194,"column":2}}},"15":{"name":"getCallbackGasLimit","line":196,"loc":{"start":{"line":196,"column":2},"end":{"line":198,"column":2}}},"16":{"name":"getInitialised","line":200,"loc":{"start":{"line":200,"column":2},"end":{"line":202,"column":2}}}},"statementMap":{"1":{"start":{"line":73,"column":4},"end":{"line":73,"column":34}},"2":{"start":{"line":81,"column":4},"end":{"line":81,"column":3038}},"3":{"start":{"line":92,"column":4},"end":{"line":92,"column":44}},"4":{"start":{"line":105,"column":4},"end":{"line":105,"column":51}},"5":{"start":{"line":106,"column":4},"end":{"line":106,"column":39}},"6":{"start":{"line":108,"column":4},"end":{"line":108,"column":47}},"7":{"start":{"line":109,"column":4},"end":{"line":109,"column":35}},"8":{"start":{"line":110,"column":4},"end":{"line":110,"column":32}},"9":{"start":{"line":111,"column":4},"end":{"line":111,"column":53}},"10":{"start":{"line":112,"column":4},"end":{"line":112,"column":44}},"11":{"start":{"line":120,"column":4},"end":{"line":120,"column":4496}},"12":{"start":{"line":132,"column":4},"end":{"line":132,"column":42}},"13":{"start":{"line":133,"column":4},"end":{"line":133,"column":66}},"14":{"start":{"line":134,"column":4},"end":{"line":134,"column":4977}},"15":{"start":{"line":148,"column":4},"end":{"line":148,"column":50}},"16":{"start":{"line":149,"column":4},"end":{"line":149,"column":5666}},"17":{"start":{"line":150,"column":6},"end":{"line":150,"column":26}},"18":{"start":{"line":151,"column":6},"end":{"line":151,"column":39}},"19":{"start":{"line":152,"column":6},"end":{"line":152,"column":5804}},"20":{"start":{"line":155,"column":6},"end":{"line":155,"column":5873}},"21":{"start":{"line":156,"column":8},"end":{"line":156,"column":22}},"22":{"start":{"line":163,"column":4},"end":{"line":163,"column":24}},"23":{"start":{"line":167,"column":4},"end":{"line":167,"column":20}},"24":{"start":{"line":171,"column":4},"end":{"line":171,"column":29}},"25":{"start":{"line":175,"column":4},"end":{"line":175,"column":25}},"26":{"start":{"line":181,"column":4},"end":{"line":181,"column":41}},"27":{"start":{"line":185,"column":4},"end":{"line":185,"column":27}},"28":{"start":{"line":189,"column":4},"end":{"line":189,"column":27}},"29":{"start":{"line":193,"column":4},"end":{"line":193,"column":20}},"30":{"start":{"line":197,"column":4},"end":{"line":197,"column":29}},"31":{"start":{"line":201,"column":4},"end":{"line":201,"column":24}}},"branchMap":{"1":{"line":81,"type":"if","locations":[{"start":{"line":81,"column":4},"end":{"line":81,"column":4}},{"start":{"line":81,"column":4},"end":{"line":81,"column":4}}]},"2":{"line":120,"type":"if","locations":[{"start":{"line":120,"column":4},"end":{"line":120,"column":4}},{"start":{"line":120,"column":4},"end":{"line":120,"column":4}}]},"3":{"line":131,"type":"if","locations":[{"start":{"line":131,"column":29},"end":{"line":131,"column":29}},{"start":{"line":131,"column":29},"end":{"line":131,"column":29}}]},"4":{"line":134,"type":"if","locations":[{"start":{"line":134,"column":4},"end":{"line":134,"column":4}},{"start":{"line":134,"column":4},"end":{"line":134,"column":4}}]},"5":{"line":152,"type":"if","locations":[{"start":{"line":152,"column":6},"end":{"line":152,"column":6}},{"start":{"line":152,"column":6},"end":{"line":152,"column":6}}]},"6":{"line":155,"type":"if","locations":[{"start":{"line":155,"column":6},"end":{"line":155,"column":6}},{"start":{"line":155,"column":6},"end":{"line":155,"column":6}}]}}},
"contracts/test/VRFCoordinatorV2Mock.sol":{"l":{},"path":"/root/nft-smub-dev/contracts/test/VRFCoordinatorV2Mock.sol","s":{},"b":{},"f":{},"fnMap":{},"statementMap":{},"branchMap":{}}}
