TN:
SF:/root/nft-smub-dev/contracts/PetNft.sol
FN:67,constructor
FN:80,requestNft
FN:101,fulfillRandomWords
FN:119,_initialiseContract
FN:131,withdraw
FN:147,getNftName
FN:162,getChanceArray
FN:166,getMintFee
FN:170,getTokenUris
FN:174,getTokenCounter
FN:178,getSenderFromRequestId
FN:184,getVrfCoordinator
FN:188,getSubscriptionId
FN:192,getGasLane
FN:196,getCallbackGasLimit
FN:200,getInitialised
FNF:16
FNH:14
FNDA:3,constructor
FNDA:7,requestNft
FNDA:2,fulfillRandomWords
FNDA:3,_initialiseContract
FNDA:1,withdraw
FNDA:11,getNftName
FNDA:11,getChanceArray
FNDA:1,getMintFee
FNDA:0,getTokenUris
FNDA:3,getTokenCounter
FNDA:1,getSenderFromRequestId
FNDA:1,getVrfCoordinator
FNDA:1,getSubscriptionId
FNDA:1,getGasLane
FNDA:0,getCallbackGasLimit
FNDA:1,getInitialised
DA:68,3
DA:69,3
DA:70,3
DA:71,3
DA:72,3
DA:73,3
DA:81,7
DA:82,1
DA:84,6
DA:91,6
DA:92,6
DA:105,2
DA:106,2
DA:107,2
DA:108,2
DA:109,2
DA:110,2
DA:111,2
DA:112,2
DA:120,3
DA:121,0
DA:123,3
DA:124,3
DA:132,1
DA:133,1
DA:134,1
DA:135,0
DA:148,11
DA:149,11
DA:150,24
DA:151,24
DA:152,24
DA:153,13
DA:155,24
DA:156,11
DA:159,0
DA:163,11
DA:167,1
DA:171,0
DA:175,3
DA:181,1
DA:185,1
DA:189,1
DA:193,1
DA:197,0
DA:201,1
LF:46
LH:41
BRDA:81,1,0,1
BRDA:81,1,1,6
BRDA:120,2,0,0
BRDA:120,2,1,3
BRDA:131,3,0,1
BRDA:131,3,1,1
BRDA:134,4,0,0
BRDA:134,4,1,1
BRDA:152,5,0,13
BRDA:152,5,1,11
BRDA:155,6,0,11
BRDA:155,6,1,13
BRF:12
BRH:10
end_of_record
TN:
SF:/root/nft-smub-dev/contracts/test/VRFCoordinatorV2Mock.sol
FNF:0
FNH:0
LF:0
LH:0
BRF:0
BRH:0
end_of_record
